Created by PLY version 3.11 (http://www.dabeaz.com/ply)

Grammar

Rule 0     S' -> statement
Rule 1     statement -> INT ID ASSIGN NUM SEMICOL

Terminals, with rules where they appear

ASSIGN               : 1
ID                   : 1
INT                  : 1
NUM                  : 1
SEMICOL              : 1
error                : 

Nonterminals, with rules where they appear

statement            : 0

Parsing method: LALR

state 0

    (0) S' -> . statement
    (1) statement -> . INT ID ASSIGN NUM SEMICOL

    INT             shift and go to state 2

    statement                      shift and go to state 1

state 1

    (0) S' -> statement .



state 2

    (1) statement -> INT . ID ASSIGN NUM SEMICOL

    ID              shift and go to state 3


state 3

    (1) statement -> INT ID . ASSIGN NUM SEMICOL

    ASSIGN          shift and go to state 4


state 4

    (1) statement -> INT ID ASSIGN . NUM SEMICOL

    NUM             shift and go to state 5


state 5

    (1) statement -> INT ID ASSIGN NUM . SEMICOL

    SEMICOL         shift and go to state 6


state 6

    (1) statement -> INT ID ASSIGN NUM SEMICOL .

    $end            reduce using rule 1 (statement -> INT ID ASSIGN NUM SEMICOL .)

